  BMSParsing.cpp
  Font.cpp
  GameScene.cpp
f:\제작\포트폴리오\directx\rythm\rhythmgame\game\win32project1\win32project1\gamescene.cpp(42): warning C4244: '초기화 중': 'float'에서 'int'(으)로 변환하면서 데이터가 손실될 수 있습니다.
f:\제작\포트폴리오\directx\rythm\rhythmgame\game\win32project1\win32project1\gamescene.cpp(120): warning C4996: 'sprintf': This function or variable may be unsafe. Consider using sprintf_s instead. To disable deprecation, use _CRT_SECURE_NO_WARNINGS. See online help for details.
  c:\program files (x86)\windows kits\10\include\10.0.17134.0\ucrt\stdio.h(1774): note: 'sprintf' 선언을 참조하십시오.
  GameSystem.cpp
  LogoScene.cpp
  main.cpp
  Note.cpp
f:\제작\포트폴리오\directx\rythm\rhythmgame\game\win32project1\win32project1\note.cpp(22): warning C4244: '초기화 중': 'float'에서 'int'(으)로 변환하면서 데이터가 손실될 수 있습니다.
f:\제작\포트폴리오\directx\rythm\rhythmgame\game\win32project1\win32project1\note.cpp(60): warning C4244: '=': 'float'에서 'int'(으)로 변환하면서 데이터가 손실될 수 있습니다.
  ResourceManager.cpp
  ResultScene.cpp
f:\제작\포트폴리오\directx\rythm\rhythmgame\game\win32project1\win32project1\resultscene.cpp(29): warning C4996: 'sprintf': This function or variable may be unsafe. Consider using sprintf_s instead. To disable deprecation, use _CRT_SECURE_NO_WARNINGS. See online help for details.
  c:\program files (x86)\windows kits\10\include\10.0.17134.0\ucrt\stdio.h(1774): note: 'sprintf' 선언을 참조하십시오.
  Scene.cpp
  SceneManager.cpp
  Sprite.cpp
f:\제작\포트폴리오\directx\rythm\rhythmgame\game\win32project1\win32project1\sprite.cpp(40): warning C4244: '=': 'double'에서 'float'(으)로 변환하면서 데이터가 손실될 수 있습니다.
f:\제작\포트폴리오\directx\rythm\rhythmgame\game\win32project1\win32project1\sprite.cpp(43): warning C4244: '=': 'double'에서 'float'(으)로 변환하면서 데이터가 손실될 수 있습니다.
f:\제작\포트폴리오\directx\rythm\rhythmgame\game\win32project1\win32project1\sprite.cpp(17): warning C4996: 'sprintf': This function or variable may be unsafe. Consider using sprintf_s instead. To disable deprecation, use _CRT_SECURE_NO_WARNINGS. See online help for details.
  c:\program files (x86)\windows kits\10\include\10.0.17134.0\ucrt\stdio.h(1774): note: 'sprintf' 선언을 참조하십시오.
f:\제작\포트폴리오\directx\rythm\rhythmgame\game\win32project1\win32project1\sprite.cpp(18): warning C4996: 'fopen': This function or variable may be unsafe. Consider using fopen_s instead. To disable deprecation, use _CRT_SECURE_NO_WARNINGS. See online help for details.
  c:\program files (x86)\windows kits\10\include\10.0.17134.0\ucrt\stdio.h(208): note: 'fopen' 선언을 참조하십시오.
f:\제작\포트폴리오\directx\rythm\rhythmgame\game\win32project1\win32project1\sprite.cpp(36): warning C4996: 'strtok': This function or variable may be unsafe. Consider using strtok_s instead. To disable deprecation, use _CRT_SECURE_NO_WARNINGS. See online help for details.
  c:\program files (x86)\windows kits\10\include\10.0.17134.0\ucrt\string.h(440): note: 'strtok' 선언을 참조하십시오.
f:\제작\포트폴리오\directx\rythm\rhythmgame\game\win32project1\win32project1\sprite.cpp(39): warning C4996: 'strtok': This function or variable may be unsafe. Consider using strtok_s instead. To disable deprecation, use _CRT_SECURE_NO_WARNINGS. See online help for details.
  c:\program files (x86)\windows kits\10\include\10.0.17134.0\ucrt\string.h(440): note: 'strtok' 선언을 참조하십시오.
f:\제작\포트폴리오\directx\rythm\rhythmgame\game\win32project1\win32project1\sprite.cpp(42): warning C4996: 'strtok': This function or variable may be unsafe. Consider using strtok_s instead. To disable deprecation, use _CRT_SECURE_NO_WARNINGS. See online help for details.
  c:\program files (x86)\windows kits\10\include\10.0.17134.0\ucrt\string.h(440): note: 'strtok' 선언을 참조하십시오.
  Texture.cpp
f:\제작\포트폴리오\directx\rythm\rhythmgame\game\win32project1\win32project1\texture.cpp(34): warning C4244: '=': 'float'에서 'int'(으)로 변환하면서 데이터가 손실될 수 있습니다.
f:\제작\포트폴리오\directx\rythm\rhythmgame\game\win32project1\win32project1\texture.cpp(35): warning C4244: '=': 'float'에서 'int'(으)로 변환하면서 데이터가 손실될 수 있습니다.
  TitleScene.cpp
  Track.cpp
  코드를 생성하고 있습니다...
  Win32Project1.vcxproj -> F:\제작\포트폴리오\DirectX\Rythm\RhythmGame\game\Win32Project1\Debug\Win32Project1.exe
